2024-03-10 14:22:21,953 [INFO] Activator:176 - 


2024-03-10 14:22:21,955 [INFO] Activator:177 - !SESSION log4j initialized
2024-03-10 14:22:24,047 [INFO] LogOutputStream:77 - [STDOUT_REDIRECT] 
2024-03-10 14:22:27,182 [INFO] ApplicationProperties:184 - Using Application install path: /opt/stm32cubeide/plugins/com.st.stm32cube.common.mx_6.10.0.202311202037
2024-03-10 14:22:27,199 [INFO] DbMcusXml:78 - Set database path to: /opt/stm32cubeide/plugins/com.st.stm32cube.common.mx_6.10.0.202311202037//db//mcu/
2024-03-10 14:22:27,199 [INFO] ApiDb:274 - Set plugin database path to: /opt/stm32cubeide/plugins/com.st.stm32cube.common.mx_6.10.0.202311202037//db//plugins/boardmanager/
2024-03-10 14:22:27,199 [WARN] ApiDb:259 - Overriding images path with different value:  => /opt/stm32cubeide/plugins/com.st.stm32cube.common.mx_6.10.0.202311202037//db//plugins/mcufinder/images/
2024-03-10 14:22:27,203 [INFO] ApiDb:250 - Set database path to: /home/coppolimeros/.stmcufinder/plugins/mcufinder//mcu/
2024-03-10 14:22:27,204 [INFO] DbMcusAds:125 - Set database path to: /home/coppolimeros/.stmcufinder/plugins/mcufinder//mcu/
2024-03-10 14:22:27,206 [INFO] CrossReferenceDbSqlite:203 - Set database path to: /home/coppolimeros/.stmcufinder/plugins/mcufinder//mcu/cs/
2024-03-10 14:22:27,321 [INFO] RulesReader:64 - Compatibility file has been processed (297 Rules)
2024-03-10 14:22:27,381 [INFO] DbMcusXml:78 - Set database path to: /opt/stm32cubeide/plugins/com.st.stm32cube.common.mx_6.10.0.202311202037//db//mcu/
2024-03-10 14:22:27,381 [INFO] ApiDb:274 - Set plugin database path to: /opt/stm32cubeide/plugins/com.st.stm32cube.common.mx_6.10.0.202311202037//db//plugins/boardmanager/
2024-03-10 14:22:27,381 [INFO] ApiDb:261 - Set plugin images path to: /opt/stm32cubeide/plugins/com.st.stm32cube.common.mx_6.10.0.202311202037//db//plugins/mcufinder/images/
2024-03-10 14:22:27,381 [WARN] DbFile:41 - Overriding database path with different value: /home/coppolimeros/.stmcufinder/plugins/mcufinder/ => /home/coppolimeros/.stmcufinder/plugins/mcufinder
2024-03-10 14:22:27,382 [INFO] ApiDb:250 - Set database path to: /home/coppolimeros/.stmcufinder/plugins/mcufinder//mcu/
2024-03-10 14:22:27,382 [WARN] DbFile:41 - Overriding database path with different value: /home/coppolimeros/.stmcufinder/plugins/mcufinder/ => /home/coppolimeros/.stmcufinder/plugins/mcufinder
2024-03-10 14:22:27,382 [INFO] DbMcusAds:125 - Set database path to: /home/coppolimeros/.stmcufinder/plugins/mcufinder//mcu/
2024-03-10 14:22:27,382 [WARN] DbFile:41 - Overriding database path with different value: /home/coppolimeros/.stmcufinder/plugins/mcufinder/ => /home/coppolimeros/.stmcufinder/plugins/mcufinder
2024-03-10 14:22:27,382 [WARN] DbFile:41 - Overriding database path with different value: /home/coppolimeros/.stmcufinder/plugins/mcufinder/ => /home/coppolimeros/.stmcufinder/plugins/mcufinder
2024-03-10 14:22:27,382 [INFO] CrossReferenceDbSqlite:203 - Set database path to: /home/coppolimeros/.stmcufinder/plugins/mcufinder//mcu/cs/
2024-03-10 14:22:27,441 [INFO] MainPanel:264 - HeapMemory: 268435456
2024-03-10 14:22:27,516 [INFO] DbMcusXml:78 - Set database path to: /opt/stm32cubeide/plugins/com.st.stm32cube.common.mx_6.10.0.202311202037//db//mcu/
2024-03-10 14:22:27,516 [INFO] ApiDb:274 - Set plugin database path to: /opt/stm32cubeide/plugins/com.st.stm32cube.common.mx_6.10.0.202311202037//db//plugins/boardmanager/
2024-03-10 14:22:27,516 [INFO] ApiDb:261 - Set plugin images path to: /opt/stm32cubeide/plugins/com.st.stm32cube.common.mx_6.10.0.202311202037//db//plugins/mcufinder/images/
2024-03-10 14:22:27,516 [WARN] DbFile:41 - Overriding database path with different value: /home/coppolimeros/.stmcufinder/plugins/mcufinder/ => /home/coppolimeros/.stmcufinder/plugins/mcufinder
2024-03-10 14:22:27,516 [INFO] ApiDb:250 - Set database path to: /home/coppolimeros/.stmcufinder/plugins/mcufinder//mcu/
2024-03-10 14:22:27,517 [WARN] DbFile:41 - Overriding database path with different value: /home/coppolimeros/.stmcufinder/plugins/mcufinder/ => /home/coppolimeros/.stmcufinder/plugins/mcufinder
2024-03-10 14:22:27,517 [INFO] DbMcusAds:125 - Set database path to: /home/coppolimeros/.stmcufinder/plugins/mcufinder//mcu/
2024-03-10 14:22:27,517 [WARN] DbFile:41 - Overriding database path with different value: /home/coppolimeros/.stmcufinder/plugins/mcufinder/ => /home/coppolimeros/.stmcufinder/plugins/mcufinder
2024-03-10 14:22:27,517 [WARN] DbFile:41 - Overriding database path with different value: /home/coppolimeros/.stmcufinder/plugins/mcufinder/ => /home/coppolimeros/.stmcufinder/plugins/mcufinder
2024-03-10 14:22:27,517 [INFO] CrossReferenceDbSqlite:203 - Set database path to: /home/coppolimeros/.stmcufinder/plugins/mcufinder//mcu/cs/
2024-03-10 14:22:27,532 [INFO] ApplicationProperties:184 - Using Application install path: /opt/stm32cubeide/plugins/com.st.stm32cube.common.mx_6.10.0.202311202037
2024-03-10 14:22:27,534 [INFO] PluginManage:196 - Search for loadable plugins [exclusion list=, ]
2024-03-10 14:22:27,535 [INFO] PluginManage:310 - Check plugin analytics
2024-03-10 14:22:27,698 [INFO] AnalyticsPlugin:253 - Accepted Software Licenses: 
2024-03-10 14:22:27,698 [INFO] AnalyticsPlugin:255 - Accepted CMSIS Pack Licenses: 
2024-03-10 14:22:27,698 [INFO] AnalyticsPlugin:257 - Accepted Firmware Licenses: FW.F4.1.28.0
2024-03-10 14:22:27,701 [INFO] PluginManage:359 - Loaded plugin analytics (category:tool,tabindex:-1)
2024-03-10 14:22:27,701 [INFO] PluginManage:310 - Check plugin cadmodel
2024-03-10 14:22:27,722 [INFO] CADModel:105 - Init CAD model plugin
2024-03-10 14:22:27,722 [INFO] PluginManage:359 - Loaded plugin cadmodel (category:power,tabindex:5)
2024-03-10 14:22:27,722 [INFO] PluginManage:310 - Check plugin clock
2024-03-10 14:22:27,730 [INFO] PluginManage:359 - Loaded plugin clock (category:base,tabindex:2)
2024-03-10 14:22:27,730 [INFO] PluginManage:310 - Check plugin ddr
2024-03-10 14:22:27,732 [INFO] PluginManage:359 - Loaded plugin ddr (category:tool,tabindex:6)
2024-03-10 14:22:27,732 [INFO] PluginManage:310 - Check plugin filemanager
2024-03-10 14:22:27,869 [INFO] PluginManage:359 - Loaded plugin filemanager (category:base,tabindex:10)
2024-03-10 14:22:27,869 [INFO] PluginManage:310 - Check plugin ipmanager
2024-03-10 14:22:27,873 [INFO] PluginManage:359 - Loaded plugin ipmanager (category:base,tabindex:5)
2024-03-10 14:22:27,874 [INFO] PluginManage:310 - Check plugin lpbam
2024-03-10 14:22:27,881 [INFO] PluginManage:359 - Loaded plugin lpbam (category:base,tabindex:0)
2024-03-10 14:22:27,881 [INFO] PluginManage:310 - Check plugin memorymap
2024-03-10 14:22:27,891 [INFO] PluginManage:359 - Loaded plugin memorymap (category:base,tabindex:4)
2024-03-10 14:22:27,891 [INFO] PluginManage:310 - Check plugin pinoutandconfiguration
2024-03-10 14:22:27,897 [INFO] PluginManage:359 - Loaded plugin pinoutandconfiguration (category:base,tabindex:1)
2024-03-10 14:22:27,897 [INFO] PluginManage:310 - Check plugin pinoutconfig
2024-03-10 14:22:28,000 [WARN] SupportedApi:132 - Cannot load RTOS API schema: s4s-elt-must-match.1: The content of 'definitions' must match (annotation?, (simpleType | complexType)?, (unique | key | keyref)*)). A problem was found starting at: attribute.
2024-03-10 14:22:28,137 [INFO] PluginManage:359 - Loaded plugin pinoutconfig (category:base,tabindex:0)
2024-03-10 14:22:28,137 [INFO] PluginManage:310 - Check plugin power
2024-03-10 14:22:28,148 [INFO] PluginManage:359 - Loaded plugin power (category:power,tabindex:4)
2024-03-10 14:22:28,149 [INFO] PluginManage:310 - Check plugin projectmanager
2024-03-10 14:22:28,175 [INFO] PluginManage:359 - Loaded plugin projectmanager (category:projectmanager,tabindex:3)
2024-03-10 14:22:28,175 [INFO] PluginManage:310 - Check plugin thirdparty
2024-03-10 14:22:28,395 [INFO] PluginManage:359 - Loaded plugin thirdparty (category:base,tabindex:-1)
2024-03-10 14:22:28,395 [WARN] IntegrityCheckThread:84 - waiting for thirdparty lock release [integrity check]
2024-03-10 14:22:28,395 [INFO] PluginManage:310 - Check plugin tools
2024-03-10 14:22:28,396 [INFO] IntegrityCheckThread:86 - entering critical section [integrity check]
2024-03-10 14:22:28,396 [INFO] ThirdPartyUpdaterWithRetryManager:70 - Updater plugin not ready yet. [1/15]
2024-03-10 14:22:28,398 [INFO] PluginManage:359 - Loaded plugin tools (category:base,tabindex:7)
2024-03-10 14:22:28,399 [INFO] PluginManage:310 - Check plugin tutovideos
2024-03-10 14:22:28,631 [INFO] PluginManage:359 - Loaded plugin tutovideos (category:base,tabindex:-1)
2024-03-10 14:22:28,631 [INFO] PluginManage:310 - Check plugin updater
2024-03-10 14:22:28,641 [INFO] PluginManage:359 - Loaded plugin updater (category:base,tabindex:12)
2024-03-10 14:22:28,641 [INFO] PluginManage:310 - Check plugin userauth
2024-03-10 14:22:28,646 [INFO] UserAuth:114 - Init User Auth plugin
2024-03-10 14:22:28,646 [INFO] PluginManage:359 - Loaded plugin userauth (category:base,tabindex:14)
2024-03-10 14:22:28,647 [INFO] PluginManage:283 - PluginManage : Loaded plugins [17]
2024-03-10 14:22:29,079 [INFO] PinOutPanel:1499 - setPackage(No Configuration,No Configuration)
2024-03-10 14:22:29,169 [INFO] CADModel:165 - CPN selected for project level
2024-03-10 14:22:29,169 [INFO] CADModel:114 - Register for checkConnection events
2024-03-10 14:22:29,191 [INFO] IPUIPlugin:80 - create IPUIPlugin
2024-03-10 14:22:29,192 [INFO] PluginManager:220 - loadIPPluginJar : add gic
2024-03-10 14:22:29,204 [INFO] IPUIPlugin:80 - create IPUIPlugin
2024-03-10 14:22:29,205 [INFO] PluginManager:220 - loadIPPluginJar : add linkedlist
2024-03-10 14:22:29,209 [INFO] IPUIPlugin:80 - create IPUIPlugin
2024-03-10 14:22:29,210 [INFO] PluginManager:220 - loadIPPluginJar : add tsc
2024-03-10 14:22:29,218 [INFO] IPUIPlugin:80 - create IPUIPlugin
2024-03-10 14:22:29,219 [INFO] PluginManager:220 - loadIPPluginJar : add usbx
2024-03-10 14:22:29,233 [INFO] IPUIPlugin:80 - create IPUIPlugin
2024-03-10 14:22:29,234 [INFO] PluginManager:220 - loadIPPluginJar : add fmc
2024-03-10 14:22:29,239 [INFO] IPUIPlugin:80 - create IPUIPlugin
2024-03-10 14:22:29,241 [INFO] PluginManager:220 - loadIPPluginJar : add dma3
2024-03-10 14:22:29,248 [INFO] IPUIPlugin:80 - create IPUIPlugin
2024-03-10 14:22:29,248 [INFO] PluginManager:220 - loadIPPluginJar : add opamp
2024-03-10 14:22:29,260 [INFO] IPUIPlugin:80 - create IPUIPlugin
2024-03-10 14:22:29,262 [INFO] PluginManager:220 - loadIPPluginJar : add dma
2024-03-10 14:22:29,268 [INFO] IPUIPlugin:80 - create IPUIPlugin
2024-03-10 14:22:29,269 [INFO] PluginManager:220 - loadIPPluginJar : add gfxmmu
2024-03-10 14:22:29,274 [INFO] IPUIPlugin:80 - create IPUIPlugin
2024-03-10 14:22:29,275 [INFO] PluginManager:220 - loadIPPluginJar : add ipddr
2024-03-10 14:22:29,279 [INFO] IPUIPlugin:80 - create IPUIPlugin
2024-03-10 14:22:29,280 [INFO] PluginManager:220 - loadIPPluginJar : add tracer_emb
2024-03-10 14:22:29,286 [INFO] IPUIPlugin:80 - create IPUIPlugin
2024-03-10 14:22:29,287 [INFO] PluginManager:220 - loadIPPluginJar : add openamp
2024-03-10 14:22:29,302 [INFO] IPUIPlugin:80 - create IPUIPlugin
2024-03-10 14:22:29,306 [INFO] PluginManager:220 - loadIPPluginJar : add mdma
2024-03-10 14:22:29,308 [INFO] IPUIPlugin:80 - create IPUIPlugin
2024-03-10 14:22:29,308 [INFO] PluginManager:220 - loadIPPluginJar : add genericplugin
2024-03-10 14:22:29,317 [INFO] IPUIPlugin:80 - create IPUIPlugin
2024-03-10 14:22:29,318 [INFO] PluginManager:220 - loadIPPluginJar : add adc
2024-03-10 14:22:29,326 [INFO] IPUIPlugin:80 - create IPUIPlugin
2024-03-10 14:22:29,327 [INFO] PluginManager:220 - loadIPPluginJar : add i3c
2024-03-10 14:22:29,330 [INFO] IPUIPlugin:80 - create IPUIPlugin
2024-03-10 14:22:29,330 [INFO] PluginManager:220 - loadIPPluginJar : add quadspi
2024-03-10 14:22:29,334 [INFO] IPUIPlugin:80 - create IPUIPlugin
2024-03-10 14:22:29,335 [INFO] PluginManager:220 - loadIPPluginJar : add i2c
2024-03-10 14:22:29,337 [INFO] IPUIPlugin:80 - create IPUIPlugin
2024-03-10 14:22:29,337 [INFO] PluginManager:220 - loadIPPluginJar : add comp
2024-03-10 14:22:29,341 [INFO] IPUIPlugin:80 - create IPUIPlugin
2024-03-10 14:22:29,342 [INFO] PluginManager:220 - loadIPPluginJar : add spi
2024-03-10 14:22:29,352 [INFO] IPUIPlugin:80 - create IPUIPlugin
2024-03-10 14:22:29,352 [INFO] PluginManager:220 - loadIPPluginJar : add nvic
2024-03-10 14:22:29,355 [INFO] IPUIPlugin:80 - create IPUIPlugin
2024-03-10 14:22:29,356 [INFO] PluginManager:220 - loadIPPluginJar : add sai
2024-03-10 14:22:29,360 [INFO] IPUIPlugin:80 - create IPUIPlugin
2024-03-10 14:22:29,360 [INFO] PluginManager:220 - loadIPPluginJar : add can
2024-03-10 14:22:29,362 [INFO] IPUIPlugin:80 - create IPUIPlugin
2024-03-10 14:22:29,364 [INFO] PluginManager:220 - loadIPPluginJar : add ltdc
2024-03-10 14:22:29,375 [INFO] IPUIPlugin:80 - create IPUIPlugin
2024-03-10 14:22:29,378 [INFO] PluginManager:220 - loadIPPluginJar : add gpio
2024-03-10 14:22:29,386 [INFO] IPUIPlugin:80 - create IPUIPlugin
2024-03-10 14:22:29,386 [INFO] PluginManager:220 - loadIPPluginJar : add hash
2024-03-10 14:22:29,392 [INFO] IPUIPlugin:80 - create IPUIPlugin
2024-03-10 14:22:29,393 [INFO] PluginManager:220 - loadIPPluginJar : add aes
2024-03-10 14:22:29,399 [INFO] IPUIPlugin:80 - create IPUIPlugin
2024-03-10 14:22:29,400 [INFO] PluginManager:220 - loadIPPluginJar : add gtzc
2024-03-10 14:22:29,402 [INFO] IPUIPlugin:80 - create IPUIPlugin
2024-03-10 14:22:29,402 [INFO] PluginManager:220 - loadIPPluginJar : add ucpd
2024-03-10 14:22:29,413 [INFO] IPUIPlugin:80 - create IPUIPlugin
2024-03-10 14:22:29,421 [INFO] PluginManager:220 - loadIPPluginJar : add plateformsettings
2024-03-10 14:22:29,425 [INFO] IPUIPlugin:80 - create IPUIPlugin
2024-03-10 14:22:29,426 [INFO] PluginManager:220 - loadIPPluginJar : add tim
2024-03-10 14:22:29,430 [INFO] IPUIPlugin:80 - create IPUIPlugin
2024-03-10 14:22:29,431 [INFO] PluginManager:220 - loadIPPluginJar : add fatfs
2024-03-10 14:22:29,438 [INFO] IPUIPlugin:80 - create IPUIPlugin
2024-03-10 14:22:29,439 [INFO] PluginManager:220 - loadIPPluginJar : add pdm2pcm
2024-03-10 14:22:29,445 [INFO] IPUIPlugin:80 - create IPUIPlugin
2024-03-10 14:22:29,445 [INFO] PluginManager:220 - loadIPPluginJar : add lorawan
2024-03-10 14:22:29,450 [INFO] IPUIPlugin:80 - create IPUIPlugin
2024-03-10 14:22:29,450 [INFO] PluginManager:220 - loadIPPluginJar : add touchsensing
2024-03-10 14:22:29,454 [INFO] IPUIPlugin:80 - create IPUIPlugin
2024-03-10 14:22:29,454 [INFO] PluginManager:220 - loadIPPluginJar : add i2s
2024-03-10 14:22:29,463 [INFO] IPUIPlugin:80 - create IPUIPlugin
2024-03-10 14:22:29,463 [INFO] PluginManager:220 - loadIPPluginJar : add freertos
2024-03-10 14:22:29,468 [INFO] IPUIPlugin:80 - create IPUIPlugin
2024-03-10 14:22:29,468 [INFO] PluginManager:220 - loadIPPluginJar : add resmgrutility
2024-03-10 14:22:29,472 [INFO] IPUIPlugin:80 - create IPUIPlugin
2024-03-10 14:22:29,473 [INFO] PluginManager:220 - loadIPPluginJar : add usart
2024-03-10 14:22:29,481 [INFO] IPUIPlugin:80 - create IPUIPlugin
2024-03-10 14:22:29,482 [INFO] PluginManager:220 - loadIPPluginJar : add stm32_wpan
2024-03-10 14:22:29,485 [INFO] IPUIPlugin:80 - create IPUIPlugin
2024-03-10 14:22:29,486 [INFO] PluginManager:220 - loadIPPluginJar : add dfsdm
2024-03-10 14:22:29,491 [INFO] IPUIPlugin:80 - create IPUIPlugin
2024-03-10 14:22:29,492 [INFO] PluginManager:220 - loadIPPluginJar : add ts
2024-03-10 14:22:29,496 [INFO] IPUIPlugin:80 - create IPUIPlugin
2024-03-10 14:22:29,497 [INFO] PluginManager:220 - loadIPPluginJar : add cryp
2024-03-10 14:22:29,642 [INFO] CADModel:165 - CPN selected for project level
2024-03-10 14:22:29,642 [INFO] CADModel:114 - Register for checkConnection events
2024-03-10 14:22:29,642 [FATAL] Updater:308 - Updater called before beeing initialized
2024-03-10 14:22:29,643 [ERROR] CADModel:125 - Updater not yet initialized, retry later 
2024-03-10 14:22:29,975 [INFO] CADModel:165 - CPN selected for project level
2024-03-10 14:22:29,975 [INFO] CADModel:114 - Register for checkConnection events
2024-03-10 14:22:29,975 [FATAL] Updater:308 - Updater called before beeing initialized
2024-03-10 14:22:29,975 [ERROR] CADModel:125 - Updater not yet initialized, retry later 
2024-03-10 14:22:29,994 [FATAL] Updater:308 - Updater called before beeing initialized
2024-03-10 14:22:30,201 [FATAL] Updater:308 - Updater called before beeing initialized
2024-03-10 14:22:30,212 [INFO] DbMcusAds:53 - JSON generation date=Wed Nov 29 07:52:27 BRT 2023 (1701255147349)
2024-03-10 14:22:30,213 [FATAL] Updater:308 - Updater called before beeing initialized
2024-03-10 14:22:30,266 [WARN] DetailPanel:346 - Failed to get advertising image, set to default
2024-03-10 14:22:30,374 [FATAL] Updater:308 - Updater called before beeing initialized
2024-03-10 14:22:30,375 [FATAL] Updater:308 - Updater called before beeing initialized
2024-03-10 14:22:30,375 [FATAL] Updater:308 - Updater called before beeing initialized
2024-03-10 14:22:30,375 [WARN] DetailPanel:346 - Failed to get advertising image, set to default
2024-03-10 14:22:30,376 [FATAL] Updater:308 - Updater called before beeing initialized
2024-03-10 14:22:30,408 [ERROR] Updater:1120 - MainUpdater not yet initialized. External WinMGr cannot be set.
2024-03-10 14:22:30,409 [INFO] Updater:1056 - Updater Version found : 6.10.0
2024-03-10 14:22:30,426 [INFO] ApplicationProperties:184 - Using Application install path: /opt/stm32cubeide/plugins/com.st.stm32cube.common.mx_6.10.0.202311202037
2024-03-10 14:22:30,439 [ERROR] LogOutputStream:75 - [STDERR_REDIRECT] Mar 10, 2024 2:22:30 PM java.util.prefs.FileSystemPreferences$2 run
2024-03-10 14:22:30,439 [ERROR] LogOutputStream:75 - [STDERR_REDIRECT] WARNING: Could not create system preferences directory. System preferences are unusable.
2024-03-10 14:22:30,439 [ERROR] LogOutputStream:75 - [STDERR_REDIRECT] 
2024-03-10 14:22:30,808 [INFO] MainUpdater:2873 - connection check result : 10
2024-03-10 14:22:30,809 [INFO] MainUpdater:290 - Updater Check For Update Now.
2024-03-10 14:22:30,809 [INFO] MicroXplorer:498 - Change Database Version : DB.6.0.100
2024-03-10 14:22:30,814 [INFO] McuFinderGlobals:63 - Set McuFinder mode to 2 (CubeIDE integrated)
2024-03-10 14:22:30,981 [INFO] CheckServerUpdateThread:120 - End of CheckServer Thread
2024-03-10 14:22:31,510 [WARN] PackLoader:240 - Cannot read IP mode file for STMicroelectronics.X-CUBE-SMBUS.2.1.0
2024-03-10 14:22:31,516 [WARN] PackLoader:240 - Cannot read IP mode file for STMicroelectronics.X-CUBE-TOUCHGFX.4.23.0
2024-03-10 14:22:31,549 [WARN] PackLoader:240 - Cannot read IP mode file for STMicroelectronics.X-CUBE-AZRTOS-F7.1.1.0
2024-03-10 14:22:31,560 [WARN] PackLoader:240 - Cannot read IP mode file for STMicroelectronics.FP-SNS-MOTENV1.4.3.2
2024-03-10 14:22:31,567 [WARN] PackLoader:240 - Cannot read IP mode file for STMicroelectronics.FP-SNS-FLIGHT1.5.0.2
2024-03-10 14:22:31,576 [WARN] PackLoader:240 - Cannot read IP mode file for STMicroelectronics.X-CUBE-DISPLAY.3.0.0
2024-03-10 14:22:31,589 [WARN] PackLoader:240 - Cannot read IP mode file for STMicroelectronics.X-CUBE-BLE1.7.0.0
2024-03-10 14:22:31,594 [WARN] PackLoader:240 - Cannot read IP mode file for emotas.I-CUBE-CANOPEN.1.3.0
2024-03-10 14:22:31,608 [WARN] PackLoader:240 - Cannot read IP mode file for STMicroelectronics.X-CUBE-BLEMGR.3.1.0
2024-03-10 14:22:31,616 [WARN] PackLoader:240 - Cannot read IP mode file for STMicroelectronics.FP-SNS-SMARTAG2.1.2.0
2024-03-10 14:22:31,629 [INFO] LogOutputStream:77 - [STDOUT_REDIRECT] 1 : Invalid condition id : UX_CORESTACK_Condition cause : null
2024-03-10 14:22:31,630 [INFO] LogOutputStream:77 - [STDOUT_REDIRECT] 1 : Invalid condition id : UX_CORESTACK_Condition cause : null
2024-03-10 14:22:31,630 [INFO] LogOutputStream:77 - [STDOUT_REDIRECT] 1 : Invalid condition id : UX_CORESTACK_Condition cause : null
2024-03-10 14:22:31,630 [INFO] LogOutputStream:77 - [STDOUT_REDIRECT] 1 : Invalid condition id : UX_CORESTACK_Condition cause : null
2024-03-10 14:22:31,630 [INFO] LogOutputStream:77 - [STDOUT_REDIRECT] 1 : Invalid condition id : UX_CORESTACK_Condition cause : null
2024-03-10 14:22:31,636 [WARN] PackLoader:240 - Cannot read IP mode file for STMicroelectronics.X-CUBE-AZRTOS-WL.2.0.0
2024-03-10 14:22:31,644 [WARN] PackLoader:240 - Cannot read IP mode file for WES.I-CUBE-Cesium.1.3.0
2024-03-10 14:22:31,649 [WARN] PackLoader:240 - Cannot read IP mode file for STMicroelectronics.X-CUBE-BLE2.3.3.0
2024-03-10 14:22:31,656 [WARN] PackLoader:240 - Cannot read IP mode file for STMicroelectronics.X-CUBE-ALGOBUILD.1.3.0
2024-03-10 14:22:31,679 [WARN] PackLoader:240 - Cannot read IP mode file for STMicroelectronics.X-CUBE-AZRTOS-G0.1.1.0
2024-03-10 14:22:31,687 [WARN] PackLoader:240 - Cannot read IP mode file for STMicroelectronics.X-CUBE-NFC4.3.0.0
2024-03-10 14:22:31,699 [WARN] PackLoader:240 - Cannot read IP mode file for STMicroelectronics.X-CUBE-BLEMGR.3.0.0
2024-03-10 14:22:31,705 [WARN] PackLoader:240 - Cannot read IP mode file for STMicroelectronics.FP-ATR-SIGFOX1.3.2.0
2024-03-10 14:22:31,711 [WARN] PackLoader:240 - Cannot read IP mode file for STMicroelectronics.X-CUBE-EEPRMA1.5.1.0
2024-03-10 14:22:31,769 [WARN] PackLoader:240 - Cannot read IP mode file for SEGGER.I-CUBE-embOS.1.3.1
2024-03-10 14:22:31,839 [WARN] PackLoader:240 - Cannot read IP mode file for STMicroelectronics.X-CUBE-GNSS1.6.0.0
2024-03-10 14:22:31,864 [WARN] PackLoader:240 - Cannot read IP mode file for STMicroelectronics.X-CUBE-AZRTOS-F4.1.1.0
2024-03-10 14:22:31,870 [WARN] PackLoader:240 - Cannot read IP mode file for wolfSSL.I-CUBE-wolfSSL.5.6.6
2024-03-10 14:22:31,895 [WARN] PackLoader:240 - Cannot read IP mode file for STMicroelectronics.X-CUBE-AZRTOS-L5.2.0.0
2024-03-10 14:22:31,903 [WARN] PackLoader:240 - Cannot read IP mode file for STMicroelectronics.X-CUBE-EEPRMA1.4.2.0
2024-03-10 14:22:31,907 [WARN] PackLoader:240 - Cannot read IP mode file for ITTIA_DB.I-CUBE-ITTIADB.8.8.0
2024-03-10 14:22:31,912 [WARN] PackLoader:240 - Cannot read IP mode file for STMicroelectronics.X-CUBE-NFC7.1.0.1
2024-03-10 14:22:31,920 [WARN] PackLoader:240 - Cannot read IP mode file for STMicroelectronics.X-CUBE-NFC6.3.0.0
2024-03-10 14:22:31,926 [WARN] PackLoader:240 - Cannot read IP mode file for STMicroelectronics.X-CUBE-AI.8.1.0
2024-03-10 14:22:31,952 [WARN] ConditionMgr:438 - getConditionDescription Invalid condition id : LAN8742 Phy interface Condition cause : null
2024-03-10 14:22:31,953 [WARN] PackLoader:240 - Cannot read IP mode file for STMicroelectronics.X-CUBE-AZRTOS-L4.2.0.0
2024-03-10 14:22:31,954 [WARN] ConditionMgr:1039 - genDependencies : Invalid condition id : LAN8742 Phy interface Condition cause : null
2024-03-10 14:22:31,955 [WARN] ConditionMgr:1039 - genDependencies : Invalid condition id : LAN8742 Phy interface Condition cause : null
2024-03-10 14:22:31,955 [WARN] ConditionMgr:1039 - genDependencies : Invalid condition id : LAN8742 Phy interface Condition cause : null
2024-03-10 14:22:31,963 [WARN] PackLoader:240 - Cannot read IP mode file for STMicroelectronics.X-CUBE-SFXS2LP1.4.0.0
2024-03-10 14:22:31,981 [WARN] ConditionMgr:438 - getConditionDescription Invalid condition id : UX DEVICE CLASS RTOS Condition cause : null
2024-03-10 14:22:31,981 [WARN] ConditionMgr:438 - getConditionDescription Invalid condition id : UX DEVICE CLASS RTOS Condition cause : null
2024-03-10 14:22:31,984 [WARN] PackLoader:240 - Cannot read IP mode file for STMicroelectronics.X-CUBE-AZRTOS-WB.2.0.0
2024-03-10 14:22:31,985 [WARN] ConditionMgr:1039 - genDependencies : Invalid condition id : UX DEVICE CLASS RTOS Condition cause : null
2024-03-10 14:22:31,985 [WARN] ConditionMgr:1039 - genDependencies : Invalid condition id : UX DEVICE CLASS RTOS Condition cause : null
2024-03-10 14:22:31,986 [WARN] ConditionMgr:1039 - genDependencies : Invalid condition id : UX DEVICE CLASS RTOS Condition cause : null
2024-03-10 14:22:31,986 [WARN] ConditionMgr:1039 - genDependencies : Invalid condition id : UX DEVICE CLASS RTOS Condition cause : null
2024-03-10 14:22:31,986 [WARN] ConditionMgr:1039 - genDependencies : Invalid condition id : UX DEVICE CLASS RTOS Condition cause : null
2024-03-10 14:22:31,998 [WARN] PackLoader:240 - Cannot read IP mode file for STMicroelectronics.X-CUBE-SUBG2.5.0.0
2024-03-10 14:22:32,023 [WARN] PackLoader:240 - Cannot read IP mode file for STMicroelectronics.X-CUBE-AZRTOS-G4.2.0.0
2024-03-10 14:22:32,039 [WARN] PackLoader:240 - Cannot read IP mode file for Infineon.AIROC-Wi-Fi-Bluetooth-STM32.1.5.1
2024-03-10 14:22:32,046 [WARN] PackLoader:240 - Cannot read IP mode file for STMicroelectronics.FP-SNS-MOTENVWB1.1.3.1
2024-03-10 14:22:32,049 [WARN] PackLoader:240 - Cannot read IP mode file for STMicroelectronics.X-CUBE-ISPU.2.0.0
2024-03-10 14:22:32,054 [INFO] UserAuth:404 - Internet connection configuration mode: 1
2024-03-10 14:22:32,092 [INFO] JxBrowserEngine:152 - Initiate JxBrowser Engine with user profile folder
2024-03-10 14:22:32,107 [WARN] PackLoader:240 - Cannot read IP mode file for STMicroelectronics.X-CUBE-MEMS1.10.0.0
2024-03-10 14:22:32,285 [WARN] PackLoader:240 - Cannot read IP mode file for STMicroelectronics.X-CUBE-FREERTOS.1.1.0
2024-03-10 14:22:32,289 [WARN] PackLoader:240 - Cannot read IP mode file for portGmbH.I-Cube-SoM-uGOAL.1.1.0
2024-03-10 14:22:32,292 [WARN] PackLoader:240 - Cannot read IP mode file for STMicroelectronics.X-CUBE-ALS.1.0.1
2024-03-10 14:22:32,295 [WARN] PackLoader:240 - Cannot read IP mode file for STMicroelectronics.FP-ATR-ASTRA1.2.0.0
2024-03-10 14:22:32,306 [WARN] PackLoader:240 - Cannot read IP mode file for STMicroelectronics.X-CUBE-TOF1.3.4.0
2024-03-10 14:22:32,343 [WARN] PackLoader:240 - Cannot read IP mode file for STMicroelectronics.X-CUBE-TOF1.3.4.1
2024-03-10 14:22:32,385 [WARN] PackLoader:240 - Cannot read IP mode file for STMicroelectronics.X-CUBE-AZRTOS-H7.3.2.0
2024-03-10 14:22:32,390 [INFO] ThirdParty:978 - Integrity check success = true
2024-03-10 14:22:32,390 [INFO] IntegrityCheckThread:100 - exiting critical section [integrity check]
2024-03-10 14:22:32,390 [INFO] IntegrityCheckThread:103 - End integrity checks thread
2024-03-10 14:22:50,808 [INFO] WebApp:161 - Instantiating new browser for Auth
2024-03-10 14:22:53,271 [ERROR] LogOutputStream:75 - [STDERR_REDIRECT] Mar 10, 2024 2:22:53 PM java.util.prefs.FileSystemPreferences checkLockFile0ErrorCode
2024-03-10 14:22:53,272 [ERROR] LogOutputStream:75 - [STDERR_REDIRECT] WARNING: Could not lock System prefs. Unix error code 29633.
2024-03-10 14:22:53,272 [ERROR] LogOutputStream:75 - [STDERR_REDIRECT] 
2024-03-10 14:22:53,272 [ERROR] LogOutputStream:75 - [STDERR_REDIRECT] Mar 10, 2024 2:22:53 PM java.util.prefs.FileSystemPreferences syncWorld
2024-03-10 14:22:53,273 [ERROR] LogOutputStream:75 - [STDERR_REDIRECT] WARNING: Couldn't flush system prefs: java.util.prefs.BackingStoreException: Couldn't get file lock.
2024-03-10 14:22:53,273 [ERROR] LogOutputStream:75 - [STDERR_REDIRECT] 
